Spark Command: /usr/lib/jvm/java-11-openjdk-amd64/bin/java -cp /home/martin/spark/spark-2.4.5-bin-hadoop2.7/conf/:/home/martin/spark/spark-2.4.5-bin-hadoop2.7/jars/*:/home/martin/hadoop-config/ -Xmx1g org.apache.spark.deploy.history.HistoryServer
========================================
Using Spark's default log4j profile: org/apache/spark/log4j-defaults.properties
20/05/19 10:48:37 INFO HistoryServer: Started daemon with process name: 9575@martin-hppav
20/05/19 10:48:37 INFO SignalUtils: Registered signal handler for TERM
20/05/19 10:48:37 INFO SignalUtils: Registered signal handler for HUP
20/05/19 10:48:37 INFO SignalUtils: Registered signal handler for INT
20/05/19 10:48:37 WARN Utils: Your hostname, martin-hppav resolves to a loopback address: 127.0.1.1; using 192.168.0.3 instead (on interface wlo1)
20/05/19 10:48:37 WARN Utils: Set SPARK_LOCAL_IP if you need to bind to another address
WARNING: An illegal reflective access operation has occurred
WARNING: Illegal reflective access by org.apache.spark.unsafe.Platform (file:/home/martin/spark/spark-2.4.5-bin-hadoop2.7/jars/spark-unsafe_2.11-2.4.5.jar) to method java.nio.Bits.unaligned()
WARNING: Please consider reporting this to the maintainers of org.apache.spark.unsafe.Platform
WARNING: Use --illegal-access=warn to enable warnings of further illegal reflective access operations
WARNING: All illegal access operations will be denied in a future release
20/05/19 10:48:38 INFO SecurityManager: Changing view acls to: martin
20/05/19 10:48:38 INFO SecurityManager: Changing modify acls to: martin
20/05/19 10:48:38 INFO SecurityManager: Changing view acls groups to: 
20/05/19 10:48:38 INFO SecurityManager: Changing modify acls groups to: 
20/05/19 10:48:38 INFO SecurityManager: SecurityManager: authentication disabled; ui acls disabled; users  with view permissions: Set(martin); groups with view permissions: Set(); users  with modify permissions: Set(martin); groups with modify permissions: Set()
20/05/19 10:48:38 INFO FsHistoryProvider: History server ui acls disabled; users with admin permissions: ; groups with admin permissions
Exception in thread "main" java.lang.reflect.InvocationTargetException
	at java.base/jdk.internal.reflect.NativeConstructorAccessorImpl.newInstance0(Native Method)
	at java.base/jdk.internal.reflect.NativeConstructorAccessorImpl.newInstance(NativeConstructorAccessorImpl.java:62)
	at java.base/jdk.internal.reflect.DelegatingConstructorAccessorImpl.newInstance(DelegatingConstructorAccessorImpl.java:45)
	at java.base/java.lang.reflect.Constructor.newInstance(Constructor.java:490)
	at org.apache.spark.deploy.history.HistoryServer$.main(HistoryServer.scala:296)
	at org.apache.spark.deploy.history.HistoryServer.main(HistoryServer.scala)
Caused by: java.lang.IllegalArgumentException: java.net.UnknownHostException: namenode
	at org.apache.hadoop.security.SecurityUtil.buildTokenService(SecurityUtil.java:378)
	at org.apache.hadoop.hdfs.NameNodeProxies.createNonHAProxy(NameNodeProxies.java:310)
	at org.apache.hadoop.hdfs.NameNodeProxies.createProxy(NameNodeProxies.java:176)
	at org.apache.hadoop.hdfs.DFSClient.<init>(DFSClient.java:678)
	at org.apache.hadoop.hdfs.DFSClient.<init>(DFSClient.java:619)
	at org.apache.hadoop.hdfs.DistributedFileSystem.initialize(DistributedFileSystem.java:149)
	at org.apache.hadoop.fs.FileSystem.createFileSystem(FileSystem.java:2669)
	at org.apache.hadoop.fs.FileSystem.access$200(FileSystem.java:94)
	at org.apache.hadoop.fs.FileSystem$Cache.getInternal(FileSystem.java:2703)
	at org.apache.hadoop.fs.FileSystem$Cache.get(FileSystem.java:2685)
	at org.apache.hadoop.fs.FileSystem.get(FileSystem.java:373)
	at org.apache.hadoop.fs.Path.getFileSystem(Path.java:295)
	at org.apache.spark.deploy.history.FsHistoryProvider.<init>(FsHistoryProvider.scala:117)
	at org.apache.spark.deploy.history.FsHistoryProvider.<init>(FsHistoryProvider.scala:86)
	... 6 more
Caused by: java.net.UnknownHostException: namenode
	... 20 more
